# JRE version: Java(TM) SE Runtime Environment (22.0.1+8) (build 22.0.1+8-16)
# Java VM: Java HotSpot(TM) 64-Bit Server VM (22.0.1+8-16, mixed mode, emulated-client, sharing, tiered, compressed oops, compressed class ptrs, g1 gc, windows-amd64)
GC Precious Log:
 CardTable entry size: 512
 Card Set container configuration: InlinePtr #cards 5 size 8 Array Of Cards #cards 12 size 40 Howl #buckets 4 coarsen threshold 1843 Howl Bitmap #cards 512 size 80 coarsen threshold 460 Card regions per heap region 1 cards per card region 2048
 CPUs: 8 total, 8 available
 Memory: 3317M
 Large Page Support: Disabled
 NUMA Support: Disabled
 Compressed Oops: Enabled (32-bit)
 Heap Region Size: 1M
 Heap Min Capacity: 8M
 Heap Initial Capacity: 52M
 Heap Max Capacity: 830M
 Pre-touch: Disabled
 Parallel Workers: 8
 Concurrent Workers: 2
 Concurrent Refinement Workers: 8
 Periodic GC: Disabled
Heap:
 garbage-first heap   total reserved 849920K, committed 53248K, used 8000K [0x00000000cc200000, 0x0000000100000000)
  region size 1024K, 1 young (1024K), 1 survivors (1024K)
 Metaspace       used 7847K, committed 8128K, reserved 1114112K
  class space    used 892K, committed 1024K, reserved 1048576K
GC Heap History (9 events):
Event: 21.529 GC heap before
{Heap before GC invocations=0 (full 0):
 garbage-first heap   total reserved 849920K, committed 53248K, used 25600K [0x00000000cc200000, 0x0000000100000000)
  region size 1024K, 24 young (24576K), 0 survivors (0K)
 Metaspace       used 7501K, committed 7680K, reserved 1114112K
  class space    used 841K, committed 960K, reserved 1048576K
}
Event: 23.553 GC heap after
{Heap after GC invocations=1 (full 0):
 garbage-first heap   total reserved 849920K, committed 53248K, used 7424K [0x00000000cc200000, 0x0000000100000000)
  region size 1024K, 3 young (3072K), 3 survivors (3072K)
 Metaspace       used 7501K, committed 7680K, reserved 1114112K
  class space    used 841K, committed 960K, reserved 1048576K
}
Event: 23.612 GC heap before
{Heap before GC invocations=1 (full 0):
 garbage-first heap   total reserved 849920K, committed 53248K, used 8448K [0x00000000cc200000, 0x0000000100000000)
  region size 1024K, 4 young (4096K), 3 survivors (3072K)
 Metaspace       used 7761K, committed 8000K, reserved 1114112K
  class space    used 879K, committed 960K, reserved 1048576K
}
Event: 23.616 GC heap after
{Heap after GC invocations=2 (full 0):
 garbage-first heap   total reserved 849920K, committed 53248K, used 8299K [0x00000000cc200000, 0x0000000100000000)
  region size 1024K, 1 young (1024K), 1 survivors (1024K)
 Metaspace       used 7761K, committed 8000K, reserved 1114112K
  class space    used 879K, committed 960K, reserved 1048576K
}
Event: 23.629 GC heap before
{Heap before GC invocations=2 (full 0):
 garbage-first heap   total reserved 849920K, committed 53248K, used 8299K [0x00000000cc200000, 0x0000000100000000)
  region size 1024K, 2 young (2048K), 1 survivors (1024K)
 Metaspace       used 7761K, committed 8000K, reserved 1114112K
  class space    used 879K, committed 960K, reserved 1048576K
}
Event: 23.632 GC heap after
{Heap after GC invocations=3 (full 0):
 garbage-first heap   total reserved 849920K, committed 53248K, used 8527K [0x00000000cc200000, 0x0000000100000000)
  region size 1024K, 1 young (1024K), 1 survivors (1024K)
 Metaspace       used 7761K, committed 8000K, reserved 1114112K
  class space    used 879K, committed 960K, reserved 1048576K
}
Event: 23.650 GC heap before
{Heap before GC invocations=3 (full 0):
 garbage-first heap   total reserved 849920K, committed 53248K, used 9551K [0x00000000cc200000, 0x0000000100000000)
  region size 1024K, 2 young (2048K), 1 survivors (1024K)
 Metaspace       used 7761K, committed 8000K, reserved 1114112K
  class space    used 879K, committed 960K, reserved 1048576K
}
Event: 23.651 GC heap after
{Heap after GC invocations=4 (full 0):
 garbage-first heap   total reserved 849920K, committed 53248K, used 7986K [0x00000000cc200000, 0x0000000100000000)
  region size 1024K, 1 young (1024K), 1 survivors (1024K)
 Metaspace       used 7761K, committed 8000K, reserved 1114112K
  class space    used 879K, committed 960K, reserved 1048576K
}
Event: 23.684 GC heap before
{Heap before GC invocations=4 (full 0):
 garbage-first heap   total reserved 849920K, committed 53248K, used 9010K [0x00000000cc200000, 0x0000000100000000)
  region size 1024K, 2 young (2048K), 1 survivors (1024K)
 Metaspace       used 7847K, committed 8128K, reserved 1114112K
  class space    used 892K, committed 1024K, reserved 1048576K
}

