# JRE version: Java(TM) SE Runtime Environment (22.0.1+8) (build 22.0.1+8-16)
# Java VM: Java HotSpot(TM) 64-Bit Server VM (22.0.1+8-16, mixed mode, emulated-client, sharing, tiered, compressed oops, compressed class ptrs, g1 gc, windows-amd64)
GC Precious Log:
 CardTable entry size: 512
 Card Set container configuration: InlinePtr #cards 5 size 8 Array Of Cards #cards 12 size 40 Howl #buckets 4 coarsen threshold 1843 Howl Bitmap #cards 512 size 80 coarsen threshold 460 Card regions per heap region 1 cards per card region 2048
 CPUs: 8 total, 8 available
 Memory: 3317M
 Large Page Support: Disabled
 NUMA Support: Disabled
 Compressed Oops: Enabled (32-bit)
 Heap Region Size: 1M
 Heap Min Capacity: 8M
 Heap Initial Capacity: 52M
 Heap Max Capacity: 830M
 Pre-touch: Disabled
 Parallel Workers: 8
 Concurrent Workers: 2
 Concurrent Refinement Workers: 8
 Periodic GC: Disabled
Heap:
 garbage-first heap   total reserved 849920K, committed 53248K, used 24031K [0x00000000cc200000, 0x0000000100000000)
  region size 1024K, 6 young (6144K), 2 survivors (2048K)
 Metaspace       used 36108K, committed 36736K, reserved 1114112K
  class space    used 5344K, committed 5632K, reserved 1048576K
GC Heap History (18 events):
Event: 2.032 GC heap before
{Heap before GC invocations=0 (full 0):
 garbage-first heap   total reserved 849920K, committed 53248K, used 25600K [0x00000000cc200000, 0x0000000100000000)
  region size 1024K, 24 young (24576K), 0 survivors (0K)
 Metaspace       used 4807K, committed 4992K, reserved 1114112K
  class space    used 646K, committed 704K, reserved 1048576K
}
Event: 2.039 GC heap after
{Heap after GC invocations=1 (full 0):
 garbage-first heap   total reserved 849920K, committed 53248K, used 7359K [0x00000000cc200000, 0x0000000100000000)
  region size 1024K, 3 young (3072K), 3 survivors (3072K)
 Metaspace       used 4807K, committed 4992K, reserved 1114112K
  class space    used 646K, committed 704K, reserved 1048576K
}
Event: 3.169 GC heap before
{Heap before GC invocations=1 (full 0):
 garbage-first heap   total reserved 849920K, committed 53248K, used 31935K [0x00000000cc200000, 0x0000000100000000)
  region size 1024K, 27 young (27648K), 3 survivors (3072K)
 Metaspace       used 10936K, committed 11328K, reserved 1114112K
  class space    used 1541K, committed 1728K, reserved 1048576K
}
Event: 3.176 GC heap after
{Heap after GC invocations=2 (full 0):
 garbage-first heap   total reserved 849920K, committed 53248K, used 9600K [0x00000000cc200000, 0x0000000100000000)
  region size 1024K, 3 young (3072K), 3 survivors (3072K)
 Metaspace       used 10936K, committed 11328K, reserved 1114112K
  class space    used 1541K, committed 1728K, reserved 1048576K
}
Event: 3.681 GC heap before
{Heap before GC invocations=2 (full 0):
 garbage-first heap   total reserved 849920K, committed 53248K, used 33152K [0x00000000cc200000, 0x0000000100000000)
  region size 1024K, 27 young (27648K), 3 survivors (3072K)
 Metaspace       used 16937K, committed 17344K, reserved 1114112K
  class space    used 2337K, committed 2496K, reserved 1048576K
}
Event: 3.687 GC heap after
{Heap after GC invocations=3 (full 0):
 garbage-first heap   total reserved 849920K, committed 53248K, used 11600K [0x00000000cc200000, 0x0000000100000000)
  region size 1024K, 4 young (4096K), 4 survivors (4096K)
 Metaspace       used 16937K, committed 17344K, reserved 1114112K
  class space    used 2337K, committed 2496K, reserved 1048576K
}
Event: 6.711 GC heap before
{Heap before GC invocations=3 (full 0):
 garbage-first heap   total reserved 849920K, committed 53248K, used 37200K [0x00000000cc200000, 0x0000000100000000)
  region size 1024K, 30 young (30720K), 4 survivors (4096K)
 Metaspace       used 20757K, committed 21184K, reserved 1114112K
  class space    used 2851K, committed 3072K, reserved 1048576K
}
Event: 6.727 GC heap after
{Heap after GC invocations=4 (full 0):
 garbage-first heap   total reserved 849920K, committed 53248K, used 14516K [0x00000000cc200000, 0x0000000100000000)
  region size 1024K, 3 young (3072K), 3 survivors (3072K)
 Metaspace       used 20757K, committed 21184K, reserved 1114112K
  class space    used 2851K, committed 3072K, reserved 1048576K
}
Event: 6.790 GC heap before
{Heap before GC invocations=4 (full 0):
 garbage-first heap   total reserved 849920K, committed 53248K, used 16564K [0x00000000cc200000, 0x0000000100000000)
  region size 1024K, 6 young (6144K), 3 survivors (3072K)
 Metaspace       used 21128K, committed 21504K, reserved 1114112K
  class space    used 2892K, committed 3072K, reserved 1048576K
}
Event: 6.794 GC heap after
{Heap after GC invocations=5 (full 0):
 garbage-first heap   total reserved 849920K, committed 53248K, used 15073K [0x00000000cc200000, 0x0000000100000000)
  region size 1024K, 1 young (1024K), 1 survivors (1024K)
 Metaspace       used 21128K, committed 21504K, reserved 1114112K
  class space    used 2892K, committed 3072K, reserved 1048576K
}
Event: 7.857 GC heap before
{Heap before GC invocations=6 (full 0):
 garbage-first heap   total reserved 849920K, committed 53248K, used 41697K [0x00000000cc200000, 0x0000000100000000)
  region size 1024K, 27 young (27648K), 1 survivors (1024K)
 Metaspace       used 24989K, committed 25472K, reserved 1114112K
  class space    used 3528K, committed 3712K, reserved 1048576K
}
Event: 7.861 GC heap after
{Heap after GC invocations=7 (full 0):
 garbage-first heap   total reserved 849920K, committed 53248K, used 17338K [0x00000000cc200000, 0x0000000100000000)
  region size 1024K, 3 young (3072K), 3 survivors (3072K)
 Metaspace       used 24989K, committed 25472K, reserved 1114112K
  class space    used 3528K, committed 3712K, reserved 1048576K
}
Event: 8.743 GC heap before
{Heap before GC invocations=7 (full 0):
 garbage-first heap   total reserved 849920K, committed 53248K, used 41914K [0x00000000cc200000, 0x0000000100000000)
  region size 1024K, 28 young (28672K), 3 survivors (3072K)
 Metaspace       used 29430K, committed 30016K, reserved 1114112K
  class space    used 4112K, committed 4352K, reserved 1048576K
}
Event: 8.751 GC heap after
{Heap after GC invocations=8 (full 0):
 garbage-first heap   total reserved 849920K, committed 53248K, used 19225K [0x00000000cc200000, 0x0000000100000000)
  region size 1024K, 3 young (3072K), 3 survivors (3072K)
 Metaspace       used 29430K, committed 30016K, reserved 1114112K
  class space    used 4112K, committed 4352K, reserved 1048576K
}
Event: 9.592 GC heap before
{Heap before GC invocations=8 (full 0):
 garbage-first heap   total reserved 849920K, committed 53248K, used 43801K [0x00000000cc200000, 0x0000000100000000)
  region size 1024K, 27 young (27648K), 3 survivors (3072K)
 Metaspace       used 34917K, committed 35520K, reserved 1114112K
  class space    used 5117K, committed 5376K, reserved 1048576K
}
Event: 9.598 GC heap after
{Heap after GC invocations=9 (full 0):
 garbage-first heap   total reserved 849920K, committed 53248K, used 20796K [0x00000000cc200000, 0x0000000100000000)
  region size 1024K, 2 young (2048K), 2 survivors (2048K)
 Metaspace       used 34917K, committed 35520K, reserved 1114112K
  class space    used 5117K, committed 5376K, reserved 1048576K
}
Event: 10.713 GC heap before
{Heap before GC invocations=9 (full 0):
 garbage-first heap   total reserved 849920K, committed 53248K, used 21820K [0x00000000cc200000, 0x0000000100000000)
  region size 1024K, 4 young (4096K), 2 survivors (2048K)
 Metaspace       used 35487K, committed 36096K, reserved 1114112K
  class space    used 5194K, committed 5440K, reserved 1048576K
}
Event: 10.718 GC heap after
{Heap after GC invocations=10 (full 0):
 garbage-first heap   total reserved 849920K, committed 53248K, used 20959K [0x00000000cc200000, 0x0000000100000000)
  region size 1024K, 2 young (2048K), 2 survivors (2048K)
 Metaspace       used 35487K, committed 36096K, reserved 1114112K
  class space    used 5194K, committed 5440K, reserved 1048576K
}

