# JRE version: Java(TM) SE Runtime Environment (22.0.1+8) (build 22.0.1+8-16)
# Java VM: Java HotSpot(TM) 64-Bit Server VM (22.0.1+8-16, mixed mode, sharing, tiered, compressed oops, compressed class ptrs, g1 gc, windows-amd64)
GC Precious Log:
 CardTable entry size: 512
 Card Set container configuration: InlinePtr #cards 5 size 8 Array Of Cards #cards 12 size 40 Howl #buckets 4 coarsen threshold 1843 Howl Bitmap #cards 512 size 80 coarsen threshold 460 Card regions per heap region 1 cards per card region 2048
 CPUs: 8 total, 8 available
 Memory: 3317M
 Large Page Support: Disabled
 NUMA Support: Disabled
 Compressed Oops: Enabled (32-bit)
 Heap Region Size: 1M
 Heap Min Capacity: 8M
 Heap Initial Capacity: 52M
 Heap Max Capacity: 830M
 Pre-touch: Disabled
 Parallel Workers: 8
 Concurrent Workers: 2
 Concurrent Refinement Workers: 8
 Periodic GC: Disabled
Heap:
 garbage-first heap   total reserved 849920K, committed 53248K, used 35186K [0x00000000cc200000, 0x0000000100000000)
  region size 1024K, 27 young (27648K), 4 survivors (4096K)
 Metaspace       used 15464K, committed 15744K, reserved 1114112K
  class space    used 1861K, committed 1984K, reserved 1048576K
GC Heap History (8 events):
Event: 1.496 GC heap before
{Heap before GC invocations=0 (full 0):
 garbage-first heap   total reserved 849920K, committed 53248K, used 24576K [0x00000000cc200000, 0x0000000100000000)
  region size 1024K, 24 young (24576K), 0 survivors (0K)
 Metaspace       used 5579K, committed 5760K, reserved 1114112K
  class space    used 667K, committed 768K, reserved 1048576K
}
Event: 1.511 GC heap after
{Heap after GC invocations=1 (full 0):
 garbage-first heap   total reserved 849920K, committed 53248K, used 3848K [0x00000000cc200000, 0x0000000100000000)
  region size 1024K, 3 young (3072K), 3 survivors (3072K)
 Metaspace       used 5579K, committed 5760K, reserved 1114112K
  class space    used 667K, committed 768K, reserved 1048576K
}
Event: 2.398 GC heap before
{Heap before GC invocations=1 (full 0):
 garbage-first heap   total reserved 849920K, committed 53248K, used 30472K [0x00000000cc200000, 0x0000000100000000)
  region size 1024K, 29 young (29696K), 3 survivors (3072K)
 Metaspace       used 8921K, committed 9088K, reserved 1114112K
  class space    used 1071K, committed 1152K, reserved 1048576K
}
Event: 2.407 GC heap after
{Heap after GC invocations=2 (full 0):
 garbage-first heap   total reserved 849920K, committed 53248K, used 5376K [0x00000000cc200000, 0x0000000100000000)
  region size 1024K, 2 young (2048K), 2 survivors (2048K)
 Metaspace       used 8921K, committed 9088K, reserved 1114112K
  class space    used 1071K, committed 1152K, reserved 1048576K
}
Event: 3.685 GC heap before
{Heap before GC invocations=2 (full 0):
 garbage-first heap   total reserved 849920K, committed 53248K, used 35072K [0x00000000cc200000, 0x0000000100000000)
  region size 1024K, 31 young (31744K), 2 survivors (2048K)
 Metaspace       used 14298K, committed 14592K, reserved 1114112K
  class space    used 1774K, committed 1920K, reserved 1048576K
}
Event: 3.697 GC heap after
{Heap after GC invocations=3 (full 0):
 garbage-first heap   total reserved 849920K, committed 53248K, used 8609K [0x00000000cc200000, 0x0000000100000000)
  region size 1024K, 4 young (4096K), 4 survivors (4096K)
 Metaspace       used 14298K, committed 14592K, reserved 1114112K
  class space    used 1774K, committed 1920K, reserved 1048576K
}
Event: 4.746 GC heap before
{Heap before GC invocations=3 (full 0):
 garbage-first heap   total reserved 849920K, committed 53248K, used 36257K [0x00000000cc200000, 0x0000000100000000)
  region size 1024K, 31 young (31744K), 4 survivors (4096K)
 Metaspace       used 15261K, committed 15552K, reserved 1114112K
  class space    used 1859K, committed 1984K, reserved 1048576K
}
Event: 4.765 GC heap after
{Heap after GC invocations=4 (full 0):
 garbage-first heap   total reserved 849920K, committed 53248K, used 12658K [0x00000000cc200000, 0x0000000100000000)
  region size 1024K, 4 young (4096K), 4 survivors (4096K)
 Metaspace       used 15261K, committed 15552K, reserved 1114112K
  class space    used 1859K, committed 1984K, reserved 1048576K
}

